Legend: + Added, ! Fixed, ~ Changed, - Removed, % In progress, ^ Upgraded

07.08.2014 v1.3.0
+ Added .syncRun, .syncCall, .syncApply methods to function proto

31.07.2014 v1.2.0
! Fix bug in function.genFn()
+ Added support for yield thrunked functions
+ Added support for yield array or object as future
+ Added example for yield array or object
~ Changed logic to setImmediate after yield

28.08.2014 v1.1.2
! Fix array-methods example

28.08.2014 v1.1.1
! Fix keywords for npm

28.08.2014 v1.1.0
+ Added examples for refactor of redis, mogoose, callback-hell.
+ Added array methods replace for .every, .filter, .forEach, .map, .reduce, reduceRight, .some with generatorCallback's
+ Added example for usage "yield [1,2,3].<method>(function*(...){ });"
+ Added example refactor mongoose+deffered+async
% In progress: methods for array with generatorFunction: .sort, .find, .findIndex

27.07.2014 v1.0.2
~ Changed logic of waiter timeout errors. Throw first timeout error.

27.07.2014 v1.0.1
! Fixed bug of waiters

27.07.2014 v1.0.0
+ Created library

